TN:
SF:src/database.ts
FNF:0
FNH:0
DA:3,1
DA:4,1
LF:2
LH:2
BRF:0
BRH:0
end_of_record
TN:
SF:src/repositories/recommendationRepository.ts
FN:5,create
FN:16,findAll
FN:26,getAmountByScore
FN:33,getFindAllFilter
FN:45,find
FN:51,findByName
FN:57,updateScore
FN:66,remove
FNF:8
FNH:0
FNDA:0,create
FNDA:0,findAll
FNDA:0,getAmountByScore
FNDA:0,getFindAllFilter
FNDA:0,find
FNDA:0,findByName
FNDA:0,updateScore
FNDA:0,remove
DA:6,0
DA:17,0
DA:19,0
DA:27,0
DA:36,0
DA:38,0
DA:40,0
DA:46,0
DA:52,0
DA:58,0
DA:67,0
DA:72,1
LF:12
LH:1
BRDA:36,0,0,0
BRF:1
BRH:0
end_of_record
TN:
SF:src/services/recommendationsService.ts
FN:7,insert
FN:19,upvote
FN:25,downvote
FN:38,getByIdOrFail
FN:45,get
FN:49,getTop
FN:53,getRandom
FN:66,getByScore
FN:79,getScoreFilter
FNF:9
FNH:4
FNDA:1,insert
FNDA:1,upvote
FNDA:2,downvote
FNDA:3,getByIdOrFail
FNDA:0,get
FNDA:0,getTop
FNDA:0,getRandom
FNDA:0,getByScore
FNDA:0,getScoreFilter
DA:8,1
DA:11,1
DA:12,0
DA:14,1
DA:16,1
DA:20,1
DA:22,1
DA:26,2
DA:28,1
DA:33,1
DA:34,0
DA:39,3
DA:40,3
DA:42,2
DA:46,0
DA:50,0
DA:54,0
DA:55,0
DA:57,0
DA:58,0
DA:59,0
DA:62,0
DA:63,0
DA:67,0
DA:72,0
DA:73,0
DA:76,0
DA:80,0
DA:81,0
DA:84,0
DA:87,1
LF:31
LH:13
BRDA:11,0,0,0
BRDA:33,1,0,0
BRDA:40,2,0,1
BRDA:58,3,0,0
BRDA:72,4,0,0
BRDA:80,5,0,0
BRF:6
BRH:1
end_of_record
TN:
SF:src/utils/errorUtils.ts
FN:7,isAppError
FN:11,errorTypeToStatusCode
FN:19,conflictError
FN:23,notFoundError
FN:27,unauthorizedError
FN:31,wrongSchemaError
FNF:6
FNH:1
FNDA:0,isAppError
FNDA:0,errorTypeToStatusCode
FNDA:0,conflictError
FNDA:1,notFoundError
FNDA:0,unauthorizedError
FNDA:0,wrongSchemaError
DA:8,0
DA:12,0
DA:13,0
DA:14,0
DA:15,0
DA:16,0
DA:20,0
DA:24,1
DA:28,0
DA:32,0
LF:10
LH:1
BRDA:12,0,0,0
BRDA:13,1,0,0
BRDA:14,2,0,0
BRDA:15,3,0,0
BRDA:20,4,0,0
BRDA:20,4,1,0
BRDA:20,5,0,0
BRDA:20,5,1,0
BRDA:24,6,0,0
BRDA:24,6,1,1
BRDA:24,7,0,1
BRDA:24,7,1,1
BRDA:28,8,0,0
BRDA:28,8,1,0
BRDA:28,9,0,0
BRDA:28,9,1,0
BRDA:32,10,0,0
BRDA:32,10,1,0
BRDA:32,11,0,0
BRDA:32,11,1,0
BRF:20
BRH:3
end_of_record
TN:
SF:tests/factories/recommendationsFactory.ts
FN:4,correctRecommendationData
FN:11,RecommendationDataWithNoName
FN:18,RecommendationDataWithIncorrectLink
FN:25,recommendationWithScore
FN:45,recomendantionsWithScore
FN:59,simpleRecomendation
FNF:6
FNH:2
FNDA:1,correctRecommendationData
FNDA:0,RecommendationDataWithNoName
FNDA:0,RecommendationDataWithIncorrectLink
FNDA:0,recommendationWithScore
FNDA:0,recomendantionsWithScore
FNDA:4,simpleRecomendation
DA:5,1
DA:12,0
DA:19,0
DA:26,0
DA:28,0
DA:29,0
DA:34,0
DA:36,0
DA:40,0
DA:42,0
DA:46,0
DA:52,0
DA:56,0
DA:60,4
LF:14
LH:2
BRF:0
BRH:0
end_of_record
